<?xml version="1.0" encoding="UTF-8"?>
<testsuite name="hello_company_name.hello_spring_project_name.service.MemberServiceTest" tests="1" skipped="0" failures="0" errors="0" timestamp="2023-01-25T23:37:51" hostname="WOOGAMINGLT" time="0.01">
  <properties/>
  <testcase name="join()" classname="hello_company_name.hello_spring_project_name.service.MemberServiceTest" time="0.01"/>
  <system-out><![CDATA[]]></system-out>
  <system-err><![CDATA[]]></system-err>
</testsuite>
